C51 COMPILER V9.54   MAIN                                                                  09/23/2025 20:14:14 PAGE 1   


C51 COMPILER V9.54, COMPILATION OF MODULE MAIN
OBJECT MODULE PLACED IN .\Objects\main.obj
COMPILER INVOKED BY: D:\Kiel5\C51\BIN\C51.EXE main.c OPTIMIZE(8,SPEED) BROWSE DEBUG OBJECTEXTEND PRINT(.\Listings\main.l
                    -st) TABS(2) OBJECT(.\Objects\main.obj)

line level    source

   1          #include <REGX52.H>
   2          #include "Delay.h"
   3          #include "LCD1602.h"
   4          #include "Timer0.h"
   5          
   6          unsigned char Hour,Min,Sec;
   7          unsigned int Mil;
   8          bit isRunning=0;
   9          
  10          void main()
  11          {
  12   1        LCD_Init();
  13   1        Timer0_Init();
  14   1        LCD_ShowString(1,1,"Clock: ");
  15   1        LCD_ShowString(2,1,"  :  :  :");
  16   1        while(1)
  17   1        {
  18   2          if(P3_1==0){Delay(10);isRunning=0;while(P3_1==0);isRunning=1;}//开始
  19   2          if(P3_0==0){Delay(10);isRunning=0;while(P3_0==0);}//暂停
  20   2          if(P3_2==0){Delay(10);Mil=0;Sec=0;Min=0;Hour=0;while(P3_2==0);}//复位
  21   2          LCD_ShowNum(2,1,Hour,2);
  22   2          LCD_ShowNum(2,4,Min,2);
  23   2          LCD_ShowNum(2,7,Sec,2);
  24   2          LCD_ShowNum(2,10,Mil,4);//秒表项目
  25   2        }
  26   1      }
  27          
  28          void Timer0_Routine()   interrupt 1
  29          {
  30   1        //因为是局部变量，
  31   1        //当执行完该函数时T0Count会被清零，static是为了保证T0Count保持原有值
  32   1        TH0=0xFC;
  33   1        TL0=0x66;
  34   1        if(isRunning)
  35   1        {
  36   2        Mil++;
  37   2        if(Mil>=1000)
  38   2        {
  39   3          Mil=0;
  40   3          Sec++;
  41   3          if(Sec>=60)
  42   3          {
  43   4            Sec=0;
  44   4            Min++;
  45   4              if(Min>=60)
  46   4              {
  47   5              Min=0;
  48   5              Hour++;
  49   5              if(Hour>=24)
  50   5                Hour=0;
  51   5              }
  52   4            }
  53   3          }
  54   2        }
C51 COMPILER V9.54   MAIN                                                                  09/23/2025 20:14:14 PAGE 2   

  55   1      }


MODULE INFORMATION:   STATIC OVERLAYABLE
   CODE SIZE        =    223    ----
   CONSTANT SIZE    =     18    ----
   XDATA SIZE       =   ----    ----
   PDATA SIZE       =   ----    ----
   DATA SIZE        =      5    ----
   IDATA SIZE       =   ----    ----
   BIT SIZE         =      1    ----
END OF MODULE INFORMATION.


C51 COMPILATION COMPLETE.  0 WARNING(S),  0 ERROR(S)
